Using pre-set license
Built from '2020.2/staging' branch; Version is '2020.2.7f1 (c53830e277f1) revision 12924976'; Using compiler version '192528614'; Build Type 'Release'
OS: 'Windows 10 Home; OS build 22621.3155; Version 2009; 64bit' Language: 'ja' Physical Memory: 16085 MB
BatchMode: 1, IsHumanControllingUs: 0, StartBugReporterOnCrash: 0, Is64bit: 1, IsPro: 0

 COMMAND LINE ARGUMENTS:
C:\Program Files\Unity\Hub\Editor\2020.2.7f1\Editor\Unity.exe
-adb2
-batchMode
-noUpm
-name
AssetImportWorker0
-projectPath
C:/Users/takuk/Desktop/UnityProject/Sushida
-logFile
Logs/AssetImportWorker0.log
-srvPort
52982
Successfully changed project path to: C:/Users/takuk/Desktop/UnityProject/Sushida
C:/Users/takuk/Desktop/UnityProject/Sushida
Using Asset Import Pipeline V2.
Refreshing native plugins compatible for Editor in 28.57 ms, found 1 plugins.
Preloading 0 native plugins for Editor in 0.00 ms.
Initialize engine version: 2020.2.7f1 (c53830e277f1)
[Subsystems] Discovering subsystems at path C:/Program Files/Unity/Hub/Editor/2020.2.7f1/Editor/Data/Resources/UnitySubsystems
[Subsystems] Discovering subsystems at path C:/Users/takuk/Desktop/UnityProject/Sushida/Assets
GfxDevice: creating device client; threaded=0
Direct3D:
    Version:  Direct3D 11.0 [level 11.1]
    Renderer: NVIDIA GeForce RTX 3050 Ti Laptop GPU (ID=0x25a0)
    Vendor:   
    VRAM:     3978 MB
    Driver:   31.0.15.4621
Initialize mono
Mono path[0] = 'C:/Program Files/Unity/Hub/Editor/2020.2.7f1/Editor/Data/Managed'
Mono path[1] = 'C:/Program Files/Unity/Hub/Editor/2020.2.7f1/Editor/Data/MonoBleedingEdge/lib/mono/unityjit'
Mono config path = 'C:/Program Files/Unity/Hub/Editor/2020.2.7f1/Editor/Data/MonoBleedingEdge/etc'
Using monoOptions --debugger-agent=transport=dt_socket,embedding=1,server=y,suspend=n,address=127.0.0.1:56032
Begin MonoManager ReloadAssembly
Registering precompiled unity dll's ...
Register platform support module: C:/Program Files/Unity/Hub/Editor/2020.2.7f1/Editor/Data/PlaybackEngines/WebGLSupport/UnityEditor.WebGL.Extensions.dll
Register platform support module: C:/Program Files/Unity/Hub/Editor/2020.2.7f1/Editor/Data/PlaybackEngines/WindowsStandaloneSupport/UnityEditor.WindowsStandalone.Extensions.dll
Registered in 0.001709 seconds.
Native extension for WindowsStandalone target not found
Native extension for WebGL target not found
Refreshing native plugins compatible for Editor in 24.40 ms, found 1 plugins.
Preloading 0 native plugins for Editor in 0.00 ms.
Invoked RoslynAnalysisRunner static constructor.
RoslynAnalysisRunner will not be running.
RoslynAnalysisRunner has terminated.
Mono: successfully reloaded assembly
- Completed reload, in  2.255 seconds
Platform modules already initialized, skipping
Registering precompiled user dll's ...
Registered in 0.000827 seconds.
Begin MonoManager ReloadAssembly
Native extension for WindowsStandalone target not found
Native extension for WebGL target not found
Refreshing native plugins compatible for Editor in 27.22 ms, found 1 plugins.
Preloading 0 native plugins for Editor in 0.00 ms.
Invoked RoslynAnalysisRunner static constructor.
RoslynAnalysisRunner will not be running.
RoslynAnalysisRunner has terminated.
Mono: successfully reloaded assembly
- Completed reload, in  0.683 seconds
Platform modules already initialized, skipping
========================================================================
Worker process is ready to serve import requests
Launched and connected shader compiler UnityShaderCompiler.exe after 0.05 seconds
Refreshing native plugins compatible for Editor in 0.32 ms, found 1 plugins.
Preloading 0 native plugins for Editor in 0.00 ms.
Unloading 1806 Unused Serialized files (Serialized files now loaded: 0)
System memory in use before: 84.5 MB.
System memory in use after: 84.5 MB.

Unloading 24 unused Assets to reduce memory usage. Loaded Objects now: 2248.
Total: 1.803400 ms (FindLiveObjects: 0.146700 ms CreateObjectMapping: 0.035000 ms MarkObjects: 1.443500 ms  DeleteObjects: 0.177400 ms)

========================================================================
Received Import Request.
  path: Assets/Scenes/Main.unity
  artifactKey: Guid(2297d8af943fe9d44aec11eafba199cf) Importer(815301076,1909f56bfc062723c751e8b465ee728b)
Start importing Assets/Scenes/Main.unity using Guid(2297d8af943fe9d44aec11eafba199cf) Importer(815301076,1909f56bfc062723c751e8b465ee728b)  -> (artifact id: '360404f92da4c7d51c2a1a541e8d332b') in 0.012760 seconds
  Import took 0.015449 seconds .

========================================================================
Received Import Request.
  Time since last request: 1401.676497 seconds.
  path: Assets/Scenes/Background.png
  artifactKey: Guid(ee3f30623b775c84da70cf46545aa710) Importer(815301076,1909f56bfc062723c751e8b465ee728b)
Start importing Assets/Scenes/Background.png using Guid(ee3f30623b775c84da70cf46545aa710) Importer(815301076,1909f56bfc062723c751e8b465ee728b)  -> (artifact id: 'a7b0bd45f97de57b01b9b058d4eebc59') in 0.168307 seconds
  Import took 0.208023 seconds .

========================================================================
Received Import Request.
  Time since last request: 18.783842 seconds.
  path: Assets/Scenes/sushi4.png
  artifactKey: Guid(7a795b563d230ce48a6f26f471bfe544) Importer(815301076,1909f56bfc062723c751e8b465ee728b)
Start importing Assets/Scenes/sushi4.png using Guid(7a795b563d230ce48a6f26f471bfe544) Importer(815301076,1909f56bfc062723c751e8b465ee728b)  -> (artifact id: '76f0a33348a0099cd33c2f4649de3dfe') in 0.015539 seconds
  Import took 0.018577 seconds .

========================================================================
Received Import Request.
  Time since last request: 0.001491 seconds.
  path: Assets/Scenes/sushi4.png
  artifactKey: Guid(7a795b563d230ce48a6f26f471bfe544) Importer(815301076,1909f56bfc062723c751e8b465ee728b)
Start importing Assets/Scenes/sushi4.png using Guid(7a795b563d230ce48a6f26f471bfe544) Importer(815301076,1909f56bfc062723c751e8b465ee728b)  -> (artifact id: '76f0a33348a0099cd33c2f4649de3dfe') in 0.015312 seconds
  Import took 0.018204 seconds .

========================================================================
Received Import Request.
  Time since last request: 2.913949 seconds.
  path: Assets/Scenes/sushi3.png
  artifactKey: Guid(de3fc9d2628b0484ba50cfc390f97201) Importer(815301076,1909f56bfc062723c751e8b465ee728b)
Start importing Assets/Scenes/sushi3.png using Guid(de3fc9d2628b0484ba50cfc390f97201) Importer(815301076,1909f56bfc062723c751e8b465ee728b)  -> (artifact id: '3c6b7a95d81c2dd38ea4a177090cbba2') in 0.026388 seconds
  Import took 0.029492 seconds .

========================================================================
Received Import Request.
  Time since last request: 3.043669 seconds.
  path: Assets/Scenes/sushi2.png
  artifactKey: Guid(dc2ff0e8e53e55e47a58e267d086052b) Importer(815301076,1909f56bfc062723c751e8b465ee728b)
Start importing Assets/Scenes/sushi2.png using Guid(dc2ff0e8e53e55e47a58e267d086052b) Importer(815301076,1909f56bfc062723c751e8b465ee728b)  -> (artifact id: '790f5c29207d2824bf338495b7e3771c') in 0.011356 seconds
  Import took 0.014251 seconds .

========================================================================
Received Import Request.
  Time since last request: 0.000810 seconds.
  path: Assets/Scenes/sushi2.png
  artifactKey: Guid(dc2ff0e8e53e55e47a58e267d086052b) Importer(815301076,1909f56bfc062723c751e8b465ee728b)
Start importing Assets/Scenes/sushi2.png using Guid(dc2ff0e8e53e55e47a58e267d086052b) Importer(815301076,1909f56bfc062723c751e8b465ee728b)  -> (artifact id: '790f5c29207d2824bf338495b7e3771c') in 0.008659 seconds
  Import took 0.011103 seconds .

========================================================================
Received Import Request.
  Time since last request: 90.414686 seconds.
  path: Assets/Scenes
  artifactKey: Guid(3c78007ff5560e84e915907794200be8) Importer(815301076,1909f56bfc062723c751e8b465ee728b)
Start importing Assets/Scenes using Guid(3c78007ff5560e84e915907794200be8) Importer(815301076,1909f56bfc062723c751e8b465ee728b)  -> (artifact id: '5ec757f58a48bc58378b81ed8d9910e9') in 0.004978 seconds
  Import took 0.007838 seconds .

========================================================================
Received Import Request.
  Time since last request: 0.001263 seconds.
  path: Assets/Scenes
  artifactKey: Guid(3c78007ff5560e84e915907794200be8) Importer(815301076,1909f56bfc062723c751e8b465ee728b)
Start importing Assets/Scenes using Guid(3c78007ff5560e84e915907794200be8) Importer(815301076,1909f56bfc062723c751e8b465ee728b)  -> (artifact id: '5ec757f58a48bc58378b81ed8d9910e9') in 0.002175 seconds
  Import took 0.004472 seconds .

========================================================================
Received Import Request.
  Time since last request: 2.563325 seconds.
  path: Assets
  artifactKey: Guid(00000000000000001000000000000000) Importer(815301076,1909f56bfc062723c751e8b465ee728b)
Start importing Assets using Guid(00000000000000001000000000000000) Importer(815301076,1909f56bfc062723c751e8b465ee728b)  -> (artifact id: 'f89434ac489deb914593f829e0a47671') in 0.004368 seconds
  Import took 0.006980 seconds .

========================================================================
Received Import Request.
  Time since last request: 5.086093 seconds.
  path: Assets/Images
  artifactKey: Guid(b2e83e4c8b615f143bf7b4e8c93eb32e) Importer(815301076,1909f56bfc062723c751e8b465ee728b)
Start importing Assets/Images using Guid(b2e83e4c8b615f143bf7b4e8c93eb32e) Importer(815301076,1909f56bfc062723c751e8b465ee728b)  -> (artifact id: '11a5a2532cfed5792ee884cb8af11929') in 0.003517 seconds
  Import took 0.006456 seconds .

========================================================================
Received Import Request.
  Time since last request: 20.848510 seconds.
  path: Assets/Scenes/sushi4-preview.png
  artifactKey: Guid(9754fb952e51df44f9148b0a646babd9) Importer(815301076,1909f56bfc062723c751e8b465ee728b)
Start importing Assets/Scenes/sushi4-preview.png using Guid(9754fb952e51df44f9148b0a646babd9) Importer(815301076,1909f56bfc062723c751e8b465ee728b)  -> (artifact id: '05a672a37faf844a6aa8b58f98bf021d') in 0.014772 seconds
  Import took 0.017677 seconds .

========================================================================
Received Import Request.
  Time since last request: 0.254493 seconds.
  path: Assets/Scenes/sushi2-preview.png
  artifactKey: Guid(f77145a451583d54cad0465064bd85a4) Importer(815301076,1909f56bfc062723c751e8b465ee728b)
Start importing Assets/Scenes/sushi2-preview.png using Guid(f77145a451583d54cad0465064bd85a4) Importer(815301076,1909f56bfc062723c751e8b465ee728b)  -> (artifact id: 'ab58c049426310cca4d85e6f33ff7790') in 0.013517 seconds
  Import took 0.016340 seconds .

========================================================================
Received Import Request.
  Time since last request: 0.001492 seconds.
  path: Assets/Scenes/sushi2-preview.png
  artifactKey: Guid(f77145a451583d54cad0465064bd85a4) Importer(815301076,1909f56bfc062723c751e8b465ee728b)
Start importing Assets/Scenes/sushi2-preview.png using Guid(f77145a451583d54cad0465064bd85a4) Importer(815301076,1909f56bfc062723c751e8b465ee728b)  -> (artifact id: 'ab58c049426310cca4d85e6f33ff7790') in 0.015855 seconds
  Import took 0.018357 seconds .

========================================================================
Received Import Request.
  Time since last request: 0.507451 seconds.
  path: Assets/Scenes/sushi1-preview.png
  artifactKey: Guid(9683deb07c518154c9e97cf4a41b19f8) Importer(815301076,1909f56bfc062723c751e8b465ee728b)
Start importing Assets/Scenes/sushi1-preview.png using Guid(9683deb07c518154c9e97cf4a41b19f8) Importer(815301076,1909f56bfc062723c751e8b465ee728b)  -> (artifact id: '055d51a6f06c37b4afeff7e4827ddc8a') in 0.014274 seconds
  Import took 0.017153 seconds .

========================================================================
Received Import Request.
  Time since last request: 0.003763 seconds.
  path: Assets/Scenes/sushi1-preview.png
  artifactKey: Guid(9683deb07c518154c9e97cf4a41b19f8) Importer(815301076,1909f56bfc062723c751e8b465ee728b)
Start importing Assets/Scenes/sushi1-preview.png using Guid(9683deb07c518154c9e97cf4a41b19f8) Importer(815301076,1909f56bfc062723c751e8b465ee728b)  -> (artifact id: '055d51a6f06c37b4afeff7e4827ddc8a') in 0.019305 seconds
  Import took 0.021778 seconds .

========================================================================
Received Import Request.
  Time since last request: 27.583851 seconds.
  path: ProjectSettings/TagManager.asset
  artifactKey: Guid(00000000000000003000000000000000) Importer(815301076,1909f56bfc062723c751e8b465ee728b)
Start importing ProjectSettings/TagManager.asset using Guid(00000000000000003000000000000000) Importer(815301076,1909f56bfc062723c751e8b465ee728b)  -> (artifact id: '48bee843c698d9ab3dae6dfd10a6554a') in 0.008262 seconds
  Import took 0.010959 seconds .

========================================================================
Received Import Request.
  Time since last request: 779.998399 seconds.
  path: Assets/Prefabs
  artifactKey: Guid(3bd0f00deba4f2b459ce4549d3b4bb0b) Importer(815301076,1909f56bfc062723c751e8b465ee728b)
Start importing Assets/Prefabs using Guid(3bd0f00deba4f2b459ce4549d3b4bb0b) Importer(815301076,1909f56bfc062723c751e8b465ee728b)  -> (artifact id: '896815d22d05e6f41b0c8e4770bdb40c') in 0.008923 seconds
  Import took 0.012479 seconds .

========================================================================
Received Import Request.
  Time since last request: 2.328259 seconds.
  path: Assets/Prefabs/Sushi1.prefab
  artifactKey: Guid(bb8e1a37e1157fb4cabd5f82a778bde5) Importer(815301076,1909f56bfc062723c751e8b465ee728b)
Start importing Assets/Prefabs/Sushi1.prefab using Guid(bb8e1a37e1157fb4cabd5f82a778bde5) Importer(815301076,1909f56bfc062723c751e8b465ee728b)  -> (artifact id: 'b7008962d4fbdef70034de7e1ed639f5') in 0.041525 seconds
  Import took 0.044212 seconds .

========================================================================
Received Import Request.
  Time since last request: 1.639817 seconds.
  path: Assets/Prefabs/Sushi2.prefab
  artifactKey: Guid(cdce0c344f0956b4d9a9714313edbe69) Importer(815301076,1909f56bfc062723c751e8b465ee728b)
Start importing Assets/Prefabs/Sushi2.prefab using Guid(cdce0c344f0956b4d9a9714313edbe69) Importer(815301076,1909f56bfc062723c751e8b465ee728b)  -> (artifact id: '47f051f57dfd1af4cab59d258cda9c98') in 0.010457 seconds
  Import took 0.013193 seconds .

========================================================================
Received Import Request.
  Time since last request: 2.077658 seconds.
  path: Assets/Prefabs/Sushi3.prefab
  artifactKey: Guid(fccaedff67d275445a6102968c42ee35) Importer(815301076,1909f56bfc062723c751e8b465ee728b)
Start importing Assets/Prefabs/Sushi3.prefab using Guid(fccaedff67d275445a6102968c42ee35) Importer(815301076,1909f56bfc062723c751e8b465ee728b)  -> (artifact id: '52bc53e519dbf48e59a27cd2102ec40d') in 0.017462 seconds
  Import took 0.020111 seconds .

========================================================================
Received Import Request.
  Time since last request: 1.521219 seconds.
  path: Assets/Prefabs/Sushi4.prefab
  artifactKey: Guid(f5bc5badeae52d44b942b994d4ba8d4e) Importer(815301076,1909f56bfc062723c751e8b465ee728b)
Start importing Assets/Prefabs/Sushi4.prefab using Guid(f5bc5badeae52d44b942b994d4ba8d4e) Importer(815301076,1909f56bfc062723c751e8b465ee728b)  -> (artifact id: '1da45e0ac166c9c8ad0991a0e65f9b6a') in 0.009794 seconds
  Import took 0.012612 seconds .

========================================================================
Received Import Request.
  Time since last request: 733.834202 seconds.
  path: Assets/Scripts
  artifactKey: Guid(cba7779f88b548d49a9ad2ebff6f4c42) Importer(815301076,1909f56bfc062723c751e8b465ee728b)
Start importing Assets/Scripts using Guid(cba7779f88b548d49a9ad2ebff6f4c42) Importer(815301076,1909f56bfc062723c751e8b465ee728b)  -> (artifact id: '2cef852c150573b2afcf836f0f8d14ae') in 0.003693 seconds
  Import took 0.007481 seconds .

========================================================================
Received Import Request.
  Time since last request: 1077.051694 seconds.
  path: Assets/Scripts/Time.cs
  artifactKey: Guid(93c7c5ded8c2e95428169d7021060a39) Importer(815301076,1909f56bfc062723c751e8b465ee728b)
Start importing Assets/Scripts/Time.cs using Guid(93c7c5ded8c2e95428169d7021060a39) Importer(815301076,1909f56bfc062723c751e8b465ee728b)  -> (artifact id: '1a44e4615a5fc33059dac60e1055b5e1') in 0.007072 seconds
  Import took 0.010005 seconds .

========================================================================
Received Import Request.
  Time since last request: 0.007313 seconds.
  path: Assets/Scripts/Time.cs
  artifactKey: Guid(93c7c5ded8c2e95428169d7021060a39) Importer(815301076,1909f56bfc062723c751e8b465ee728b)
Start importing Assets/Scripts/Time.cs using Guid(93c7c5ded8c2e95428169d7021060a39) Importer(815301076,1909f56bfc062723c751e8b465ee728b)  -> (artifact id: '1a44e4615a5fc33059dac60e1055b5e1') in 0.002341 seconds
  Import took 0.004899 seconds .

========================================================================
Received Prepare
Registering precompiled user dll's ...
Registered in 0.001586 seconds.
Begin MonoManager ReloadAssembly
Native extension for WindowsStandalone target not found
Native extension for WebGL target not found
Refreshing native plugins compatible for Editor in 0.41 ms, found 1 plugins.
Preloading 0 native plugins for Editor in 0.00 ms.
Invoked RoslynAnalysisRunner static constructor.
RoslynAnalysisRunner will not be running.
RoslynAnalysisRunner has terminated.
Mono: successfully reloaded assembly
- Completed reload, in  0.666 seconds
Platform modules already initialized, skipping
Refreshing native plugins compatible for Editor in 0.31 ms, found 1 plugins.
Preloading 0 native plugins for Editor in 0.00 ms.
Unloading 1802 Unused Serialized files (Serialized files now loaded: 0)
System memory in use before: 87.7 MB.
System memory in use after: 87.7 MB.

Unloading 13 unused Assets to reduce memory usage. Loaded Objects now: 2264.
Total: 3.277800 ms (FindLiveObjects: 0.375000 ms CreateObjectMapping: 0.053600 ms MarkObjects: 2.534300 ms  DeleteObjects: 0.313700 ms)

========================================================================
Received Import Request.
  Time since last request: 11.233966 seconds.
  path: Assets/Scripts/TimeManager.cs
  artifactKey: Guid(93c7c5ded8c2e95428169d7021060a39) Importer(815301076,1909f56bfc062723c751e8b465ee728b)
Start importing Assets/Scripts/TimeManager.cs using Guid(93c7c5ded8c2e95428169d7021060a39) Importer(815301076,1909f56bfc062723c751e8b465ee728b)  -> (artifact id: '5402a2c0bed2344460ee76a28262131f') in 0.005527 seconds
  Import took 0.008240 seconds .

========================================================================
Received Prepare
Registering precompiled user dll's ...
Registered in 0.000553 seconds.
Begin MonoManager ReloadAssembly
Native extension for WindowsStandalone target not found
Native extension for WebGL target not found
Refreshing native plugins compatible for Editor in 0.38 ms, found 1 plugins.
Preloading 0 native plugins for Editor in 0.00 ms.
Invoked RoslynAnalysisRunner static constructor.
RoslynAnalysisRunner will not be running.
RoslynAnalysisRunner has terminated.
Mono: successfully reloaded assembly
- Completed reload, in  0.567 seconds
Platform modules already initialized, skipping
Refreshing native plugins compatible for Editor in 0.30 ms, found 1 plugins.
Preloading 0 native plugins for Editor in 0.00 ms.
Unloading 1802 Unused Serialized files (Serialized files now loaded: 0)
System memory in use before: 87.7 MB.
System memory in use after: 87.7 MB.

Unloading 12 unused Assets to reduce memory usage. Loaded Objects now: 2268.
Total: 1.681600 ms (FindLiveObjects: 0.172600 ms CreateObjectMapping: 0.028800 ms MarkObjects: 1.390000 ms  DeleteObjects: 0.089400 ms)

========================================================================
Received Prepare
Registering precompiled user dll's ...
Registered in 0.000791 seconds.
Begin MonoManager ReloadAssembly
Native extension for WindowsStandalone target not found
Native extension for WebGL target not found
Refreshing native plugins compatible for Editor in 0.34 ms, found 1 plugins.
Preloading 0 native plugins for Editor in 0.00 ms.
Invoked RoslynAnalysisRunner static constructor.
RoslynAnalysisRunner will not be running.
RoslynAnalysisRunner has terminated.
Mono: successfully reloaded assembly
- Completed reload, in  0.656 seconds
Platform modules already initialized, skipping
Refreshing native plugins compatible for Editor in 0.28 ms, found 1 plugins.
Preloading 0 native plugins for Editor in 0.00 ms.
Unloading 1802 Unused Serialized files (Serialized files now loaded: 0)
System memory in use before: 87.7 MB.
System memory in use after: 87.7 MB.

Unloading 12 unused Assets to reduce memory usage. Loaded Objects now: 2272.
Total: 1.746900 ms (FindLiveObjects: 0.148000 ms CreateObjectMapping: 0.027400 ms MarkObjects: 1.458400 ms  DeleteObjects: 0.112100 ms)

========================================================================
Received Prepare
Registering precompiled user dll's ...
Registered in 0.000595 seconds.
Begin MonoManager ReloadAssembly
Native extension for WindowsStandalone target not found
Native extension for WebGL target not found
Refreshing native plugins compatible for Editor in 0.31 ms, found 1 plugins.
Preloading 0 native plugins for Editor in 0.00 ms.
Invoked RoslynAnalysisRunner static constructor.
RoslynAnalysisRunner will not be running.
RoslynAnalysisRunner has terminated.
Mono: successfully reloaded assembly
- Completed reload, in  0.603 seconds
Platform modules already initialized, skipping
Refreshing native plugins compatible for Editor in 0.29 ms, found 1 plugins.
Preloading 0 native plugins for Editor in 0.00 ms.
Unloading 1802 Unused Serialized files (Serialized files now loaded: 0)
System memory in use before: 87.7 MB.
System memory in use after: 87.7 MB.

Unloading 12 unused Assets to reduce memory usage. Loaded Objects now: 2276.
Total: 1.741000 ms (FindLiveObjects: 0.135500 ms CreateObjectMapping: 0.029500 ms MarkObjects: 1.500000 ms  DeleteObjects: 0.075300 ms)

========================================================================
Received Prepare
Registering precompiled user dll's ...
Registered in 0.000797 seconds.
Begin MonoManager ReloadAssembly
Native extension for WindowsStandalone target not found
Native extension for WebGL target not found
Refreshing native plugins compatible for Editor in 0.33 ms, found 1 plugins.
Preloading 0 native plugins for Editor in 0.00 ms.
Invoked RoslynAnalysisRunner static constructor.
RoslynAnalysisRunner will not be running.
RoslynAnalysisRunner has terminated.
Mono: successfully reloaded assembly
- Completed reload, in  0.575 seconds
Platform modules already initialized, skipping
Refreshing native plugins compatible for Editor in 0.29 ms, found 1 plugins.
Preloading 0 native plugins for Editor in 0.00 ms.
Unloading 1802 Unused Serialized files (Serialized files now loaded: 0)
System memory in use before: 87.7 MB.
System memory in use after: 87.7 MB.

Unloading 12 unused Assets to reduce memory usage. Loaded Objects now: 2280.
Total: 1.641100 ms (FindLiveObjects: 0.137500 ms CreateObjectMapping: 0.030200 ms MarkObjects: 1.383000 ms  DeleteObjects: 0.089300 ms)

========================================================================
Received Import Request.
  Time since last request: 756.450664 seconds.
  path: Assets/Scenes/SampleScene.unity
  artifactKey: Guid(2cda990e2423bbf4892e6590ba056729) Importer(815301076,1909f56bfc062723c751e8b465ee728b)
Start importing Assets/Scenes/SampleScene.unity using Guid(2cda990e2423bbf4892e6590ba056729) Importer(815301076,1909f56bfc062723c751e8b465ee728b)  -> (artifact id: 'f4cd3df2f2677441bbab50587d11e9a2') in 0.036587 seconds
  Import took 0.039366 seconds .

========================================================================
Received Import Request.
  Time since last request: 4.173916 seconds.
  path: Assets/Scenes/Main.unity
  artifactKey: Guid(2297d8af943fe9d44aec11eafba199cf) Importer(815301076,1909f56bfc062723c751e8b465ee728b)
Start importing Assets/Scenes/Main.unity using Guid(2297d8af943fe9d44aec11eafba199cf) Importer(815301076,1909f56bfc062723c751e8b465ee728b)  -> (artifact id: '7d27e3653a69a3252819516514e64a0a') in 0.003342 seconds
  Import took 0.006782 seconds .

========================================================================
Received Prepare
Registering precompiled user dll's ...
Registered in 0.000677 seconds.
Begin MonoManager ReloadAssembly
Native extension for WindowsStandalone target not found
Native extension for WebGL target not found
Refreshing native plugins compatible for Editor in 0.32 ms, found 1 plugins.
Preloading 0 native plugins for Editor in 0.00 ms.
Invoked RoslynAnalysisRunner static constructor.
RoslynAnalysisRunner will not be running.
RoslynAnalysisRunner has terminated.
Mono: successfully reloaded assembly
- Completed reload, in  0.602 seconds
Platform modules already initialized, skipping
Refreshing native plugins compatible for Editor in 0.30 ms, found 1 plugins.
Preloading 0 native plugins for Editor in 0.00 ms.
Unloading 1803 Unused Serialized files (Serialized files now loaded: 0)
System memory in use before: 87.8 MB.
System memory in use after: 87.8 MB.

Unloading 12 unused Assets to reduce memory usage. Loaded Objects now: 2285.
Total: 1.525700 ms (FindLiveObjects: 0.128400 ms CreateObjectMapping: 0.030100 ms MarkObjects: 1.276300 ms  DeleteObjects: 0.090000 ms)

========================================================================
Received Import Request.
  Time since last request: 48.752116 seconds.
  path: Assets/SushiManager.cs
  artifactKey: Guid(7951e34c92ebb0d4fad28fe29e2a7b4f) Importer(815301076,1909f56bfc062723c751e8b465ee728b)
Start importing Assets/SushiManager.cs using Guid(7951e34c92ebb0d4fad28fe29e2a7b4f) Importer(815301076,1909f56bfc062723c751e8b465ee728b)  -> (artifact id: 'be989e9efc9966d9b107f4f1c6ab11ac') in 0.005069 seconds
  Import took 0.007457 seconds .

========================================================================
Received Prepare
Registering precompiled user dll's ...
Registered in 0.000727 seconds.
Begin MonoManager ReloadAssembly
Native extension for WindowsStandalone target not found
Native extension for WebGL target not found
Refreshing native plugins compatible for Editor in 0.31 ms, found 1 plugins.
Preloading 0 native plugins for Editor in 0.00 ms.
Invoked RoslynAnalysisRunner static constructor.
RoslynAnalysisRunner will not be running.
RoslynAnalysisRunner has terminated.
Mono: successfully reloaded assembly
- Completed reload, in  0.589 seconds
Platform modules already initialized, skipping
Refreshing native plugins compatible for Editor in 0.29 ms, found 1 plugins.
Preloading 0 native plugins for Editor in 0.00 ms.
Unloading 1803 Unused Serialized files (Serialized files now loaded: 0)
System memory in use before: 87.8 MB.
System memory in use after: 87.8 MB.

Unloading 12 unused Assets to reduce memory usage. Loaded Objects now: 2289.
Total: 1.654900 ms (FindLiveObjects: 0.125300 ms CreateObjectMapping: 0.028100 ms MarkObjects: 1.425700 ms  DeleteObjects: 0.074800 ms)

========================================================================
Received Import Request.
  Time since last request: 328.223638 seconds.
  path: Assets/Scripts/TimeManager.cs
  artifactKey: Guid(93c7c5ded8c2e95428169d7021060a39) Importer(815301076,1909f56bfc062723c751e8b465ee728b)
Start importing Assets/Scripts/TimeManager.cs using Guid(93c7c5ded8c2e95428169d7021060a39) Importer(815301076,1909f56bfc062723c751e8b465ee728b)  -> (artifact id: '463d00c18f4511fbdaeb1d302606c37e') in 0.006868 seconds
  Import took 0.010336 seconds .

========================================================================
Received Import Request.
  Time since last request: 0.002953 seconds.
  path: Assets/Scripts/TimeManager.cs
  artifactKey: Guid(93c7c5ded8c2e95428169d7021060a39) Importer(815301076,1909f56bfc062723c751e8b465ee728b)
Start importing Assets/Scripts/TimeManager.cs using Guid(93c7c5ded8c2e95428169d7021060a39) Importer(815301076,1909f56bfc062723c751e8b465ee728b)  -> (artifact id: '463d00c18f4511fbdaeb1d302606c37e') in 0.002130 seconds
  Import took 0.004275 seconds .

========================================================================
Received Import Request.
  Time since last request: 14.267807 seconds.
  path: Assets/Scripts/GameManager.cs
  artifactKey: Guid(f5d7923d66ca4354d87e9974468127c2) Importer(815301076,1909f56bfc062723c751e8b465ee728b)
Start importing Assets/Scripts/GameManager.cs using Guid(f5d7923d66ca4354d87e9974468127c2) Importer(815301076,1909f56bfc062723c751e8b465ee728b)  -> (artifact id: '0b85af1bdf9e5c1909672b317afa084c') in 0.003261 seconds
  Import took 0.006176 seconds .

========================================================================
Received Prepare
Registering precompiled user dll's ...
Registered in 0.000733 seconds.
Begin MonoManager ReloadAssembly
Native extension for WindowsStandalone target not found
Native extension for WebGL target not found
Refreshing native plugins compatible for Editor in 0.39 ms, found 1 plugins.
Preloading 0 native plugins for Editor in 0.00 ms.
Invoked RoslynAnalysisRunner static constructor.
RoslynAnalysisRunner will not be running.
RoslynAnalysisRunner has terminated.
Mono: successfully reloaded assembly
- Completed reload, in  0.605 seconds
Platform modules already initialized, skipping
Refreshing native plugins compatible for Editor in 0.33 ms, found 1 plugins.
Preloading 0 native plugins for Editor in 0.00 ms.
Unloading 1804 Unused Serialized files (Serialized files now loaded: 0)
System memory in use before: 87.8 MB.
System memory in use after: 87.8 MB.

Unloading 12 unused Assets to reduce memory usage. Loaded Objects now: 2294.
Total: 1.754500 ms (FindLiveObjects: 0.150400 ms CreateObjectMapping: 0.030400 ms MarkObjects: 1.433900 ms  DeleteObjects: 0.138600 ms)

========================================================================
Received Prepare
Registering precompiled user dll's ...
Registered in 0.001875 seconds.
Begin MonoManager ReloadAssembly
Native extension for WindowsStandalone target not found
Native extension for WebGL target not found
Refreshing native plugins compatible for Editor in 0.30 ms, found 1 plugins.
Preloading 0 native plugins for Editor in 0.00 ms.
Invoked RoslynAnalysisRunner static constructor.
RoslynAnalysisRunner will not be running.
RoslynAnalysisRunner has terminated.
Mono: successfully reloaded assembly
- Completed reload, in  0.552 seconds
Platform modules already initialized, skipping
Refreshing native plugins compatible for Editor in 0.31 ms, found 1 plugins.
Preloading 0 native plugins for Editor in 0.00 ms.
Unloading 1804 Unused Serialized files (Serialized files now loaded: 0)
System memory in use before: 87.9 MB.
System memory in use after: 87.8 MB.

Unloading 12 unused Assets to reduce memory usage. Loaded Objects now: 2298.
Total: 1.679300 ms (FindLiveObjects: 0.153200 ms CreateObjectMapping: 0.028400 ms MarkObjects: 1.383400 ms  DeleteObjects: 0.113200 ms)

========================================================================
Received Import Request.
  Time since last request: 7431.610801 seconds.
  path: Assets/Scripts/GameManager.cs
  artifactKey: Guid(f5d7923d66ca4354d87e9974468127c2) Importer(815301076,1909f56bfc062723c751e8b465ee728b)
Start importing Assets/Scripts/GameManager.cs using Guid(f5d7923d66ca4354d87e9974468127c2) Importer(815301076,1909f56bfc062723c751e8b465ee728b)  -> (artifact id: 'f3f925b304edb201a788131ec6551b1b') in 0.005043 seconds
  Import took 0.007800 seconds .

========================================================================
Received Prepare
Registering precompiled user dll's ...
Registered in 0.000728 seconds.
Begin MonoManager ReloadAssembly
Native extension for WindowsStandalone target not found
Native extension for WebGL target not found
Refreshing native plugins compatible for Editor in 0.31 ms, found 1 plugins.
Preloading 0 native plugins for Editor in 0.00 ms.
Invoked RoslynAnalysisRunner static constructor.
RoslynAnalysisRunner will not be running.
RoslynAnalysisRunner has terminated.
Mono: successfully reloaded assembly
- Completed reload, in  0.622 seconds
Platform modules already initialized, skipping
Refreshing native plugins compatible for Editor in 0.28 ms, found 1 plugins.
Preloading 0 native plugins for Editor in 0.00 ms.
Unloading 1804 Unused Serialized files (Serialized files now loaded: 0)
System memory in use before: 87.9 MB.
System memory in use after: 87.9 MB.

Unloading 12 unused Assets to reduce memory usage. Loaded Objects now: 2302.
Total: 1.459000 ms (FindLiveObjects: 0.153100 ms CreateObjectMapping: 0.027600 ms MarkObjects: 1.201800 ms  DeleteObjects: 0.075700 ms)

========================================================================
Received Prepare
Registering precompiled user dll's ...
Registered in 0.001118 seconds.
Begin MonoManager ReloadAssembly
Native extension for WindowsStandalone target not found
Native extension for WebGL target not found
Refreshing native plugins compatible for Editor in 0.33 ms, found 1 plugins.
Preloading 0 native plugins for Editor in 0.00 ms.
Invoked RoslynAnalysisRunner static constructor.
RoslynAnalysisRunner will not be running.
RoslynAnalysisRunner has terminated.
Mono: successfully reloaded assembly
- Completed reload, in  0.658 seconds
Platform modules already initialized, skipping
Refreshing native plugins compatible for Editor in 0.31 ms, found 1 plugins.
Preloading 0 native plugins for Editor in 0.00 ms.
Unloading 1804 Unused Serialized files (Serialized files now loaded: 0)
System memory in use before: 87.9 MB.
System memory in use after: 87.9 MB.

Unloading 12 unused Assets to reduce memory usage. Loaded Objects now: 2306.
Total: 1.651800 ms (FindLiveObjects: 0.181300 ms CreateObjectMapping: 0.029100 ms MarkObjects: 1.330500 ms  DeleteObjects: 0.109700 ms)

========================================================================
Received Prepare
Registering precompiled user dll's ...
Registered in 0.000788 seconds.
Begin MonoManager ReloadAssembly
Native extension for WindowsStandalone target not found
Native extension for WebGL target not found
Refreshing native plugins compatible for Editor in 0.66 ms, found 1 plugins.
Preloading 0 native plugins for Editor in 0.00 ms.
Invoked RoslynAnalysisRunner static constructor.
RoslynAnalysisRunner will not be running.
RoslynAnalysisRunner has terminated.
Mono: successfully reloaded assembly
- Completed reload, in  0.633 seconds
Platform modules already initialized, skipping
Refreshing native plugins compatible for Editor in 0.31 ms, found 1 plugins.
Preloading 0 native plugins for Editor in 0.00 ms.
Unloading 1804 Unused Serialized files (Serialized files now loaded: 0)
System memory in use before: 87.9 MB.
System memory in use after: 87.9 MB.

Unloading 12 unused Assets to reduce memory usage. Loaded Objects now: 2310.
Total: 1.516300 ms (FindLiveObjects: 0.150400 ms CreateObjectMapping: 0.027800 ms MarkObjects: 1.253100 ms  DeleteObjects: 0.084000 ms)

========================================================================
Received Import Request.
  Time since last request: 1105.730127 seconds.
  path: Assets/Scripts/GameManager.cs
  artifactKey: Guid(f5d7923d66ca4354d87e9974468127c2) Importer(815301076,1909f56bfc062723c751e8b465ee728b)
Start importing Assets/Scripts/GameManager.cs using Guid(f5d7923d66ca4354d87e9974468127c2) Importer(815301076,1909f56bfc062723c751e8b465ee728b)  -> (artifact id: 'abc69e94f8b9afc1391be94550e8e6e3') in 0.006901 seconds
  Import took 0.015582 seconds .

========================================================================
Received Import Request.
  Time since last request: 0.000824 seconds.
  path: Assets/Scripts/GameManager.cs
  artifactKey: Guid(f5d7923d66ca4354d87e9974468127c2) Importer(815301076,1909f56bfc062723c751e8b465ee728b)
Start importing Assets/Scripts/GameManager.cs using Guid(f5d7923d66ca4354d87e9974468127c2) Importer(815301076,1909f56bfc062723c751e8b465ee728b)  -> (artifact id: 'abc69e94f8b9afc1391be94550e8e6e3') in 0.002362 seconds
  Import took 0.004733 seconds .

========================================================================
Received Prepare
Registering precompiled user dll's ...
Registered in 0.000745 seconds.
Begin MonoManager ReloadAssembly
Native extension for WindowsStandalone target not found
Native extension for WebGL target not found
Refreshing native plugins compatible for Editor in 0.31 ms, found 1 plugins.
Preloading 0 native plugins for Editor in 0.00 ms.
Invoked RoslynAnalysisRunner static constructor.
RoslynAnalysisRunner will not be running.
RoslynAnalysisRunner has terminated.
Mono: successfully reloaded assembly
- Completed reload, in  0.597 seconds
Platform modules already initialized, skipping
Refreshing native plugins compatible for Editor in 0.28 ms, found 1 plugins.
Preloading 0 native plugins for Editor in 0.00 ms.
Unloading 1804 Unused Serialized files (Serialized files now loaded: 0)
System memory in use before: 87.9 MB.
System memory in use after: 87.9 MB.

Unloading 12 unused Assets to reduce memory usage. Loaded Objects now: 2314.
Total: 1.848900 ms (FindLiveObjects: 0.188800 ms CreateObjectMapping: 0.030400 ms MarkObjects: 1.529000 ms  DeleteObjects: 0.099700 ms)

========================================================================
Received Import Request.
  Time since last request: 486.346665 seconds.
  path: Assets/TypeManager.cs
  artifactKey: Guid(38ff9f4ea52cc2244bfee03593dd9c33) Importer(815301076,1909f56bfc062723c751e8b465ee728b)
Start importing Assets/TypeManager.cs using Guid(38ff9f4ea52cc2244bfee03593dd9c33) Importer(815301076,1909f56bfc062723c751e8b465ee728b)  -> (artifact id: 'eed442721cf71be356b2d926ee8f71bf') in 0.007042 seconds
  Import took 0.010351 seconds .

========================================================================
Received Prepare
Registering precompiled user dll's ...
Registered in 0.000628 seconds.
Begin MonoManager ReloadAssembly
Native extension for WindowsStandalone target not found
Native extension for WebGL target not found
Refreshing native plugins compatible for Editor in 0.36 ms, found 1 plugins.
Preloading 0 native plugins for Editor in 0.00 ms.
Invoked RoslynAnalysisRunner static constructor.
RoslynAnalysisRunner will not be running.
RoslynAnalysisRunner has terminated.
Mono: successfully reloaded assembly
- Completed reload, in  0.638 seconds
Platform modules already initialized, skipping
Refreshing native plugins compatible for Editor in 0.31 ms, found 1 plugins.
Preloading 0 native plugins for Editor in 0.00 ms.
Unloading 1805 Unused Serialized files (Serialized files now loaded: 0)
System memory in use before: 87.9 MB.
System memory in use after: 87.9 MB.

Unloading 12 unused Assets to reduce memory usage. Loaded Objects now: 2319.
Total: 1.928900 ms (FindLiveObjects: 0.287900 ms CreateObjectMapping: 0.065900 ms MarkObjects: 1.462000 ms  DeleteObjects: 0.111700 ms)

========================================================================
Received Prepare
Registering precompiled user dll's ...
Registered in 0.000779 seconds.
Begin MonoManager ReloadAssembly
Native extension for WindowsStandalone target not found
Native extension for WebGL target not found
Refreshing native plugins compatible for Editor in 0.31 ms, found 1 plugins.
Preloading 0 native plugins for Editor in 0.00 ms.
Invoked RoslynAnalysisRunner static constructor.
RoslynAnalysisRunner will not be running.
RoslynAnalysisRunner has terminated.
Mono: successfully reloaded assembly
- Completed reload, in  0.579 seconds
Platform modules already initialized, skipping
Refreshing native plugins compatible for Editor in 0.29 ms, found 1 plugins.
Preloading 0 native plugins for Editor in 0.00 ms.
Unloading 1805 Unused Serialized files (Serialized files now loaded: 0)
System memory in use before: 87.9 MB.
System memory in use after: 87.9 MB.

Unloading 12 unused Assets to reduce memory usage. Loaded Objects now: 2323.
Total: 1.730500 ms (FindLiveObjects: 0.149600 ms CreateObjectMapping: 0.040800 ms MarkObjects: 1.445900 ms  DeleteObjects: 0.093400 ms)

========================================================================
Received Import Request.
  Time since last request: 30.731687 seconds.
  path: Assets/TypeManager.cs
  artifactKey: Guid(38ff9f4ea52cc2244bfee03593dd9c33) Importer(815301076,1909f56bfc062723c751e8b465ee728b)
Start importing Assets/TypeManager.cs using Guid(38ff9f4ea52cc2244bfee03593dd9c33) Importer(815301076,1909f56bfc062723c751e8b465ee728b)  -> (artifact id: 'c10bab046b12d27f47db79576b935197') in 0.004262 seconds
  Import took 0.006497 seconds .

========================================================================
Received Prepare
Registering precompiled user dll's ...
Registered in 0.000619 seconds.
Begin MonoManager ReloadAssembly
Native extension for WindowsStandalone target not found
Native extension for WebGL target not found
Refreshing native plugins compatible for Editor in 0.37 ms, found 1 plugins.
Preloading 0 native plugins for Editor in 0.00 ms.
Invoked RoslynAnalysisRunner static constructor.
RoslynAnalysisRunner will not be running.
RoslynAnalysisRunner has terminated.
Mono: successfully reloaded assembly
- Completed reload, in  0.599 seconds
Platform modules already initialized, skipping
Refreshing native plugins compatible for Editor in 0.29 ms, found 1 plugins.
Preloading 0 native plugins for Editor in 0.00 ms.
Unloading 1805 Unused Serialized files (Serialized files now loaded: 0)
System memory in use before: 87.9 MB.
System memory in use after: 87.9 MB.

Unloading 12 unused Assets to reduce memory usage. Loaded Objects now: 2327.
Total: 1.751000 ms (FindLiveObjects: 0.288500 ms CreateObjectMapping: 0.053400 ms MarkObjects: 1.312900 ms  DeleteObjects: 0.095100 ms)

========================================================================
Received Prepare
Registering precompiled user dll's ...
Registered in 0.000715 seconds.
Begin MonoManager ReloadAssembly
Native extension for WindowsStandalone target not found
Native extension for WebGL target not found
Refreshing native plugins compatible for Editor in 0.30 ms, found 1 plugins.
Preloading 0 native plugins for Editor in 0.00 ms.
Invoked RoslynAnalysisRunner static constructor.
RoslynAnalysisRunner will not be running.
RoslynAnalysisRunner has terminated.
Mono: successfully reloaded assembly
- Completed reload, in  0.558 seconds
Platform modules already initialized, skipping
Refreshing native plugins compatible for Editor in 0.29 ms, found 1 plugins.
Preloading 0 native plugins for Editor in 0.00 ms.
Unloading 1805 Unused Serialized files (Serialized files now loaded: 0)
System memory in use before: 87.9 MB.
System memory in use after: 87.9 MB.

Unloading 12 unused Assets to reduce memory usage. Loaded Objects now: 2331.
Total: 1.744700 ms (FindLiveObjects: 0.145000 ms CreateObjectMapping: 0.029600 ms MarkObjects: 1.481000 ms  DeleteObjects: 0.088000 ms)

========================================================================
Received Prepare
Registering precompiled user dll's ...
Registered in 0.000732 seconds.
Begin MonoManager ReloadAssembly
Native extension for WindowsStandalone target not found
Native extension for WebGL target not found
Refreshing native plugins compatible for Editor in 0.31 ms, found 1 plugins.
Preloading 0 native plugins for Editor in 0.00 ms.
Invoked RoslynAnalysisRunner static constructor.
RoslynAnalysisRunner will not be running.
RoslynAnalysisRunner has terminated.
Mono: successfully reloaded assembly
- Completed reload, in  0.584 seconds
Platform modules already initialized, skipping
Refreshing native plugins compatible for Editor in 0.38 ms, found 1 plugins.
Preloading 0 native plugins for Editor in 0.00 ms.
Unloading 1805 Unused Serialized files (Serialized files now loaded: 0)
System memory in use before: 88.0 MB.
System memory in use after: 87.9 MB.

Unloading 12 unused Assets to reduce memory usage. Loaded Objects now: 2335.
Total: 1.861800 ms (FindLiveObjects: 0.154700 ms CreateObjectMapping: 0.033000 ms MarkObjects: 1.562200 ms  DeleteObjects: 0.110400 ms)

========================================================================
Received Import Request.
  Time since last request: 756.013043 seconds.
  path: Assets/Scripts/TypeManager.cs
  artifactKey: Guid(38ff9f4ea52cc2244bfee03593dd9c33) Importer(815301076,1909f56bfc062723c751e8b465ee728b)
Start importing Assets/Scripts/TypeManager.cs using Guid(38ff9f4ea52cc2244bfee03593dd9c33) Importer(815301076,1909f56bfc062723c751e8b465ee728b)  -> (artifact id: '18493ab5925ddca73843d46f0f673752') in 0.005925 seconds
  Import took 0.013968 seconds .

========================================================================
Received Prepare
Registering precompiled user dll's ...
Registered in 0.000659 seconds.
Begin MonoManager ReloadAssembly
Native extension for WindowsStandalone target not found
Native extension for WebGL target not found
Refreshing native plugins compatible for Editor in 0.34 ms, found 1 plugins.
Preloading 0 native plugins for Editor in 0.00 ms.
Invoked RoslynAnalysisRunner static constructor.
RoslynAnalysisRunner will not be running.
RoslynAnalysisRunner has terminated.
Mono: successfully reloaded assembly
- Completed reload, in  0.616 seconds
Platform modules already initialized, skipping
Refreshing native plugins compatible for Editor in 0.44 ms, found 1 plugins.
Preloading 0 native plugins for Editor in 0.00 ms.
Unloading 1805 Unused Serialized files (Serialized files now loaded: 0)
System memory in use before: 88.0 MB.
System memory in use after: 88.0 MB.

Unloading 12 unused Assets to reduce memory usage. Loaded Objects now: 2339.
Total: 1.888600 ms (FindLiveObjects: 0.182600 ms CreateObjectMapping: 0.036000 ms MarkObjects: 1.555400 ms  DeleteObjects: 0.113500 ms)

========================================================================
Received Prepare
Registering precompiled user dll's ...
Registered in 0.000576 seconds.
Begin MonoManager ReloadAssembly
Native extension for WindowsStandalone target not found
Native extension for WebGL target not found
Refreshing native plugins compatible for Editor in 0.36 ms, found 1 plugins.
Preloading 0 native plugins for Editor in 0.00 ms.
Invoked RoslynAnalysisRunner static constructor.
RoslynAnalysisRunner will not be running.
RoslynAnalysisRunner has terminated.
Mono: successfully reloaded assembly
- Completed reload, in  0.550 seconds
Platform modules already initialized, skipping
Refreshing native plugins compatible for Editor in 0.27 ms, found 1 plugins.
Preloading 0 native plugins for Editor in 0.00 ms.
Unloading 1805 Unused Serialized files (Serialized files now loaded: 0)
System memory in use before: 88.0 MB.
System memory in use after: 88.0 MB.

Unloading 12 unused Assets to reduce memory usage. Loaded Objects now: 2343.
Total: 1.860900 ms (FindLiveObjects: 0.367200 ms CreateObjectMapping: 0.124900 ms MarkObjects: 1.264100 ms  DeleteObjects: 0.103900 ms)

========================================================================
Received Prepare
Registering precompiled user dll's ...
Registered in 0.000586 seconds.
Begin MonoManager ReloadAssembly
Native extension for WindowsStandalone target not found
Native extension for WebGL target not found
Refreshing native plugins compatible for Editor in 0.35 ms, found 1 plugins.
Preloading 0 native plugins for Editor in 0.00 ms.
Invoked RoslynAnalysisRunner static constructor.
RoslynAnalysisRunner will not be running.
RoslynAnalysisRunner has terminated.
Mono: successfully reloaded assembly
- Completed reload, in  0.544 seconds
Platform modules already initialized, skipping
Refreshing native plugins compatible for Editor in 0.27 ms, found 1 plugins.
Preloading 0 native plugins for Editor in 0.00 ms.
Unloading 1805 Unused Serialized files (Serialized files now loaded: 0)
System memory in use before: 88.0 MB.
System memory in use after: 88.0 MB.

Unloading 12 unused Assets to reduce memory usage. Loaded Objects now: 2347.
Total: 1.839900 ms (FindLiveObjects: 0.179800 ms CreateObjectMapping: 0.029600 ms MarkObjects: 1.516800 ms  DeleteObjects: 0.112900 ms)

========================================================================
Received Prepare
Registering precompiled user dll's ...
Registered in 0.000697 seconds.
Begin MonoManager ReloadAssembly
Native extension for WindowsStandalone target not found
Native extension for WebGL target not found
Refreshing native plugins compatible for Editor in 0.31 ms, found 1 plugins.
Preloading 0 native plugins for Editor in 0.00 ms.
Invoked RoslynAnalysisRunner static constructor.
RoslynAnalysisRunner will not be running.
RoslynAnalysisRunner has terminated.
Mono: successfully reloaded assembly
- Completed reload, in  0.629 seconds
Platform modules already initialized, skipping
Refreshing native plugins compatible for Editor in 0.34 ms, found 1 plugins.
Preloading 0 native plugins for Editor in 0.00 ms.
Unloading 1805 Unused Serialized files (Serialized files now loaded: 0)
System memory in use before: 88.0 MB.
System memory in use after: 88.0 MB.

Unloading 12 unused Assets to reduce memory usage. Loaded Objects now: 2351.
Total: 2.195900 ms (FindLiveObjects: 0.218700 ms CreateObjectMapping: 0.049900 ms MarkObjects: 1.822900 ms  DeleteObjects: 0.102900 ms)

========================================================================
Received Prepare
Registering precompiled user dll's ...
Registered in 0.000924 seconds.
Begin MonoManager ReloadAssembly
Native extension for WindowsStandalone target not found
Native extension for WebGL target not found
Refreshing native plugins compatible for Editor in 0.31 ms, found 1 plugins.
Preloading 0 native plugins for Editor in 0.00 ms.
Invoked RoslynAnalysisRunner static constructor.
RoslynAnalysisRunner will not be running.
RoslynAnalysisRunner has terminated.
Mono: successfully reloaded assembly
- Completed reload, in  0.541 seconds
Platform modules already initialized, skipping
Refreshing native plugins compatible for Editor in 0.28 ms, found 1 plugins.
Preloading 0 native plugins for Editor in 0.00 ms.
Unloading 1805 Unused Serialized files (Serialized files now loaded: 0)
System memory in use before: 88.0 MB.
System memory in use after: 88.0 MB.

Unloading 12 unused Assets to reduce memory usage. Loaded Objects now: 2355.
Total: 1.997900 ms (FindLiveObjects: 0.266200 ms CreateObjectMapping: 0.080500 ms MarkObjects: 1.542700 ms  DeleteObjects: 0.107000 ms)

========================================================================
Received Prepare
Registering precompiled user dll's ...
Registered in 0.000590 seconds.
Begin MonoManager ReloadAssembly
Native extension for WindowsStandalone target not found
Native extension for WebGL target not found
Refreshing native plugins compatible for Editor in 0.35 ms, found 1 plugins.
Preloading 0 native plugins for Editor in 0.00 ms.
Invoked RoslynAnalysisRunner static constructor.
RoslynAnalysisRunner will not be running.
RoslynAnalysisRunner has terminated.
Mono: successfully reloaded assembly
- Completed reload, in  0.545 seconds
Platform modules already initialized, skipping
Refreshing native plugins compatible for Editor in 0.28 ms, found 1 plugins.
Preloading 0 native plugins for Editor in 0.00 ms.
Unloading 1805 Unused Serialized files (Serialized files now loaded: 0)
System memory in use before: 88.0 MB.
System memory in use after: 88.0 MB.

Unloading 12 unused Assets to reduce memory usage. Loaded Objects now: 2359.
Total: 2.069800 ms (FindLiveObjects: 0.186800 ms CreateObjectMapping: 0.046600 ms MarkObjects: 1.727600 ms  DeleteObjects: 0.107400 ms)

========================================================================
Received Prepare
Registering precompiled user dll's ...
Registered in 0.000918 seconds.
Begin MonoManager ReloadAssembly
Native extension for WindowsStandalone target not found
Native extension for WebGL target not found
Refreshing native plugins compatible for Editor in 0.31 ms, found 1 plugins.
Preloading 0 native plugins for Editor in 0.00 ms.
Invoked RoslynAnalysisRunner static constructor.
RoslynAnalysisRunner will not be running.
RoslynAnalysisRunner has terminated.
Mono: successfully reloaded assembly
- Completed reload, in  0.565 seconds
Platform modules already initialized, skipping
Refreshing native plugins compatible for Editor in 0.29 ms, found 1 plugins.
Preloading 0 native plugins for Editor in 0.00 ms.
Unloading 1805 Unused Serialized files (Serialized files now loaded: 0)
System memory in use before: 88.0 MB.
System memory in use after: 88.0 MB.

Unloading 12 unused Assets to reduce memory usage. Loaded Objects now: 2363.
Total: 1.847000 ms (FindLiveObjects: 0.152000 ms CreateObjectMapping: 0.035000 ms MarkObjects: 1.527000 ms  DeleteObjects: 0.131800 ms)

========================================================================
Received Prepare
Registering precompiled user dll's ...
Registered in 0.000755 seconds.
Begin MonoManager ReloadAssembly
Native extension for WindowsStandalone target not found
Native extension for WebGL target not found
Refreshing native plugins compatible for Editor in 0.47 ms, found 1 plugins.
Preloading 0 native plugins for Editor in 0.00 ms.
Invoked RoslynAnalysisRunner static constructor.
RoslynAnalysisRunner will not be running.
RoslynAnalysisRunner has terminated.
Mono: successfully reloaded assembly
- Completed reload, in  0.605 seconds
Platform modules already initialized, skipping
Refreshing native plugins compatible for Editor in 0.30 ms, found 1 plugins.
Preloading 0 native plugins for Editor in 0.00 ms.
Unloading 1805 Unused Serialized files (Serialized files now loaded: 0)
System memory in use before: 88.0 MB.
System memory in use after: 88.0 MB.

Unloading 12 unused Assets to reduce memory usage. Loaded Objects now: 2367.
Total: 1.717900 ms (FindLiveObjects: 0.235200 ms CreateObjectMapping: 0.074700 ms MarkObjects: 1.299100 ms  DeleteObjects: 0.107800 ms)

========================================================================
Received Import Request.
  Time since last request: 1732.728364 seconds.
  path: Assets/Scripts/TypeManager.cs
  artifactKey: Guid(38ff9f4ea52cc2244bfee03593dd9c33) Importer(815301076,1909f56bfc062723c751e8b465ee728b)
Start importing Assets/Scripts/TypeManager.cs using Guid(38ff9f4ea52cc2244bfee03593dd9c33) Importer(815301076,1909f56bfc062723c751e8b465ee728b)  -> (artifact id: '0d0b69f4f57a89cd196e34138e328ffb') in 0.006181 seconds
  Import took 0.009157 seconds .

========================================================================
Received Import Request.
  Time since last request: 0.001130 seconds.
  path: Assets/Scripts/TypeManager.cs
  artifactKey: Guid(38ff9f4ea52cc2244bfee03593dd9c33) Importer(815301076,1909f56bfc062723c751e8b465ee728b)
Start importing Assets/Scripts/TypeManager.cs using Guid(38ff9f4ea52cc2244bfee03593dd9c33) Importer(815301076,1909f56bfc062723c751e8b465ee728b)  -> (artifact id: '0d0b69f4f57a89cd196e34138e328ffb') in 0.002433 seconds
  Import took 0.004598 seconds .

========================================================================
Received Prepare
Registering precompiled user dll's ...
Registered in 0.000753 seconds.
Begin MonoManager ReloadAssembly
Native extension for WindowsStandalone target not found
Native extension for WebGL target not found
Refreshing native plugins compatible for Editor in 0.31 ms, found 1 plugins.
Preloading 0 native plugins for Editor in 0.00 ms.
Invoked RoslynAnalysisRunner static constructor.
RoslynAnalysisRunner will not be running.
RoslynAnalysisRunner has terminated.
Mono: successfully reloaded assembly
- Completed reload, in  0.599 seconds
Platform modules already initialized, skipping
Refreshing native plugins compatible for Editor in 0.29 ms, found 1 plugins.
Preloading 0 native plugins for Editor in 0.00 ms.
Unloading 1805 Unused Serialized files (Serialized files now loaded: 0)
System memory in use before: 88.0 MB.
System memory in use after: 88.0 MB.

Unloading 12 unused Assets to reduce memory usage. Loaded Objects now: 2371.
Total: 1.652800 ms (FindLiveObjects: 0.139600 ms CreateObjectMapping: 0.031700 ms MarkObjects: 1.373300 ms  DeleteObjects: 0.106800 ms)

========================================================================
Received Prepare
Registering precompiled user dll's ...
Registered in 0.000583 seconds.
Begin MonoManager ReloadAssembly
Native extension for WindowsStandalone target not found
Native extension for WebGL target not found
Refreshing native plugins compatible for Editor in 0.33 ms, found 1 plugins.
Preloading 0 native plugins for Editor in 0.00 ms.
Invoked RoslynAnalysisRunner static constructor.
RoslynAnalysisRunner will not be running.
RoslynAnalysisRunner has terminated.
Mono: successfully reloaded assembly
- Completed reload, in  0.576 seconds
Platform modules already initialized, skipping
Refreshing native plugins compatible for Editor in 0.30 ms, found 1 plugins.
Preloading 0 native plugins for Editor in 0.00 ms.
Unloading 1805 Unused Serialized files (Serialized files now loaded: 0)
System memory in use before: 88.0 MB.
System memory in use after: 88.0 MB.

Unloading 12 unused Assets to reduce memory usage. Loaded Objects now: 2375.
Total: 1.903400 ms (FindLiveObjects: 0.201300 ms CreateObjectMapping: 0.046400 ms MarkObjects: 1.528100 ms  DeleteObjects: 0.126200 ms)

========================================================================
Received Prepare
Registering precompiled user dll's ...
Registered in 0.000737 seconds.
Begin MonoManager ReloadAssembly
Native extension for WindowsStandalone target not found
Native extension for WebGL target not found
Refreshing native plugins compatible for Editor in 0.39 ms, found 1 plugins.
Preloading 0 native plugins for Editor in 0.00 ms.
Invoked RoslynAnalysisRunner static constructor.
RoslynAnalysisRunner will not be running.
RoslynAnalysisRunner has terminated.
Mono: successfully reloaded assembly
- Completed reload, in  0.653 seconds
Platform modules already initialized, skipping
Refreshing native plugins compatible for Editor in 0.30 ms, found 1 plugins.
Preloading 0 native plugins for Editor in 0.00 ms.
Unloading 1805 Unused Serialized files (Serialized files now loaded: 0)
System memory in use before: 88.0 MB.
System memory in use after: 88.0 MB.

Unloading 12 unused Assets to reduce memory usage. Loaded Objects now: 2379.
Total: 1.912100 ms (FindLiveObjects: 0.196500 ms CreateObjectMapping: 0.043200 ms MarkObjects: 1.568200 ms  DeleteObjects: 0.103000 ms)

========================================================================
Received Import Request.
  Time since last request: 251.057945 seconds.
  path: Assets/Scripts/GameManager.cs
  artifactKey: Guid(f5d7923d66ca4354d87e9974468127c2) Importer(815301076,1909f56bfc062723c751e8b465ee728b)
Start importing Assets/Scripts/GameManager.cs using Guid(f5d7923d66ca4354d87e9974468127c2) Importer(815301076,1909f56bfc062723c751e8b465ee728b)  -> (artifact id: '8eea7865af482c33f3a2154ff2313449') in 0.008003 seconds
  Import took 0.016527 seconds .

========================================================================
Received Import Request.
  Time since last request: 0.001733 seconds.
  path: Assets/Scripts/GameManager.cs
  artifactKey: Guid(f5d7923d66ca4354d87e9974468127c2) Importer(815301076,1909f56bfc062723c751e8b465ee728b)
Start importing Assets/Scripts/GameManager.cs using Guid(f5d7923d66ca4354d87e9974468127c2) Importer(815301076,1909f56bfc062723c751e8b465ee728b)  -> (artifact id: '8eea7865af482c33f3a2154ff2313449') in 0.003108 seconds
  Import took 0.006351 seconds .

========================================================================
Received Prepare
Registering precompiled user dll's ...
Registered in 0.000583 seconds.
Begin MonoManager ReloadAssembly
Native extension for WindowsStandalone target not found
Native extension for WebGL target not found
Refreshing native plugins compatible for Editor in 0.30 ms, found 1 plugins.
Preloading 0 native plugins for Editor in 0.00 ms.
Invoked RoslynAnalysisRunner static constructor.
RoslynAnalysisRunner will not be running.
RoslynAnalysisRunner has terminated.
Mono: successfully reloaded assembly
- Completed reload, in  0.571 seconds
Platform modules already initialized, skipping
Refreshing native plugins compatible for Editor in 0.33 ms, found 1 plugins.
Preloading 0 native plugins for Editor in 0.00 ms.
Unloading 1805 Unused Serialized files (Serialized files now loaded: 0)
System memory in use before: 88.1 MB.
System memory in use after: 88.0 MB.

Unloading 12 unused Assets to reduce memory usage. Loaded Objects now: 2383.
Total: 1.769300 ms (FindLiveObjects: 0.158500 ms CreateObjectMapping: 0.030900 ms MarkObjects: 1.468600 ms  DeleteObjects: 0.110000 ms)

========================================================================
Received Prepare
Registering precompiled user dll's ...
Registered in 0.000593 seconds.
Begin MonoManager ReloadAssembly
Native extension for WindowsStandalone target not found
Native extension for WebGL target not found
Refreshing native plugins compatible for Editor in 0.36 ms, found 1 plugins.
Preloading 0 native plugins for Editor in 0.00 ms.
Invoked RoslynAnalysisRunner static constructor.
RoslynAnalysisRunner will not be running.
RoslynAnalysisRunner has terminated.
Mono: successfully reloaded assembly
- Completed reload, in  0.574 seconds
Platform modules already initialized, skipping
Refreshing native plugins compatible for Editor in 0.30 ms, found 1 plugins.
Preloading 0 native plugins for Editor in 0.00 ms.
Unloading 1805 Unused Serialized files (Serialized files now loaded: 0)
System memory in use before: 88.1 MB.
System memory in use after: 88.1 MB.

Unloading 12 unused Assets to reduce memory usage. Loaded Objects now: 2387.
Total: 1.799500 ms (FindLiveObjects: 0.216400 ms CreateObjectMapping: 0.030600 ms MarkObjects: 1.460400 ms  DeleteObjects: 0.091200 ms)

========================================================================
Received Prepare
Registering precompiled user dll's ...
Registered in 0.000800 seconds.
Begin MonoManager ReloadAssembly
Native extension for WindowsStandalone target not found
Native extension for WebGL target not found
Refreshing native plugins compatible for Editor in 0.32 ms, found 1 plugins.
Preloading 0 native plugins for Editor in 0.00 ms.
Invoked RoslynAnalysisRunner static constructor.
RoslynAnalysisRunner will not be running.
RoslynAnalysisRunner has terminated.
Mono: successfully reloaded assembly
- Completed reload, in  0.600 seconds
Platform modules already initialized, skipping
Refreshing native plugins compatible for Editor in 0.36 ms, found 1 plugins.
Preloading 0 native plugins for Editor in 0.00 ms.
Unloading 1805 Unused Serialized files (Serialized files now loaded: 0)
System memory in use before: 88.1 MB.
System memory in use after: 88.1 MB.

Unloading 12 unused Assets to reduce memory usage. Loaded Objects now: 2391.
Total: 1.619200 ms (FindLiveObjects: 0.175700 ms CreateObjectMapping: 0.033400 ms MarkObjects: 1.297300 ms  DeleteObjects: 0.111600 ms)

========================================================================
Received Prepare
Registering precompiled user dll's ...
Registered in 0.000704 seconds.
Begin MonoManager ReloadAssembly
Native extension for WindowsStandalone target not found
Native extension for WebGL target not found
Refreshing native plugins compatible for Editor in 0.31 ms, found 1 plugins.
Preloading 0 native plugins for Editor in 0.00 ms.
Invoked RoslynAnalysisRunner static constructor.
RoslynAnalysisRunner will not be running.
RoslynAnalysisRunner has terminated.
Mono: successfully reloaded assembly
- Completed reload, in  0.604 seconds
Platform modules already initialized, skipping
Refreshing native plugins compatible for Editor in 0.29 ms, found 1 plugins.
Preloading 0 native plugins for Editor in 0.00 ms.
Unloading 1805 Unused Serialized files (Serialized files now loaded: 0)
System memory in use before: 88.1 MB.
System memory in use after: 88.1 MB.

Unloading 12 unused Assets to reduce memory usage. Loaded Objects now: 2395.
Total: 2.251700 ms (FindLiveObjects: 0.156900 ms CreateObjectMapping: 0.031700 ms MarkObjects: 1.866200 ms  DeleteObjects: 0.195100 ms)

========================================================================
Received Prepare
Registering precompiled user dll's ...
Registered in 0.000904 seconds.
Begin MonoManager ReloadAssembly
Native extension for WindowsStandalone target not found
Native extension for WebGL target not found
Refreshing native plugins compatible for Editor in 0.41 ms, found 1 plugins.
Preloading 0 native plugins for Editor in 0.00 ms.
Invoked RoslynAnalysisRunner static constructor.
RoslynAnalysisRunner will not be running.
RoslynAnalysisRunner has terminated.
Mono: successfully reloaded assembly
- Completed reload, in  0.651 seconds
Platform modules already initialized, skipping
Refreshing native plugins compatible for Editor in 0.28 ms, found 1 plugins.
Preloading 0 native plugins for Editor in 0.00 ms.
Unloading 1805 Unused Serialized files (Serialized files now loaded: 0)
System memory in use before: 88.1 MB.
System memory in use after: 88.1 MB.

Unloading 12 unused Assets to reduce memory usage. Loaded Objects now: 2399.
Total: 1.858900 ms (FindLiveObjects: 0.207300 ms CreateObjectMapping: 0.055100 ms MarkObjects: 1.479000 ms  DeleteObjects: 0.116400 ms)

========================================================================
Received Prepare
Registering precompiled user dll's ...
Registered in 0.000594 seconds.
Begin MonoManager ReloadAssembly
Native extension for WindowsStandalone target not found
Native extension for WebGL target not found
Refreshing native plugins compatible for Editor in 0.37 ms, found 1 plugins.
Preloading 0 native plugins for Editor in 0.00 ms.
Invoked RoslynAnalysisRunner static constructor.
RoslynAnalysisRunner will not be running.
RoslynAnalysisRunner has terminated.
Mono: successfully reloaded assembly
- Completed reload, in  0.545 seconds
Platform modules already initialized, skipping
Refreshing native plugins compatible for Editor in 0.29 ms, found 1 plugins.
Preloading 0 native plugins for Editor in 0.00 ms.
Unloading 1805 Unused Serialized files (Serialized files now loaded: 0)
System memory in use before: 88.1 MB.
System memory in use after: 88.1 MB.

Unloading 12 unused Assets to reduce memory usage. Loaded Objects now: 2403.
Total: 1.732600 ms (FindLiveObjects: 0.159400 ms CreateObjectMapping: 0.027600 ms MarkObjects: 1.451400 ms  DeleteObjects: 0.093000 ms)

========================================================================
Received Prepare
Registering precompiled user dll's ...
Registered in 0.000689 seconds.
Begin MonoManager ReloadAssembly
Native extension for WindowsStandalone target not found
Native extension for WebGL target not found
Refreshing native plugins compatible for Editor in 0.34 ms, found 1 plugins.
Preloading 0 native plugins for Editor in 0.00 ms.
Invoked RoslynAnalysisRunner static constructor.
RoslynAnalysisRunner will not be running.
RoslynAnalysisRunner has terminated.
Mono: successfully reloaded assembly
- Completed reload, in  0.589 seconds
Platform modules already initialized, skipping
Refreshing native plugins compatible for Editor in 0.29 ms, found 1 plugins.
Preloading 0 native plugins for Editor in 0.00 ms.
Unloading 1805 Unused Serialized files (Serialized files now loaded: 0)
System memory in use before: 88.1 MB.
System memory in use after: 88.1 MB.

Unloading 12 unused Assets to reduce memory usage. Loaded Objects now: 2407.
Total: 1.887300 ms (FindLiveObjects: 0.198800 ms CreateObjectMapping: 0.037400 ms MarkObjects: 1.537200 ms  DeleteObjects: 0.112700 ms)

========================================================================
Received Prepare
Registering precompiled user dll's ...
Registered in 0.000655 seconds.
Begin MonoManager ReloadAssembly
Native extension for WindowsStandalone target not found
Native extension for WebGL target not found
Refreshing native plugins compatible for Editor in 0.40 ms, found 1 plugins.
Preloading 0 native plugins for Editor in 0.00 ms.
Invoked RoslynAnalysisRunner static constructor.
RoslynAnalysisRunner will not be running.
RoslynAnalysisRunner has terminated.
Mono: successfully reloaded assembly
- Completed reload, in  0.569 seconds
Platform modules already initialized, skipping
Refreshing native plugins compatible for Editor in 0.28 ms, found 1 plugins.
Preloading 0 native plugins for Editor in 0.00 ms.
Unloading 1805 Unused Serialized files (Serialized files now loaded: 0)
System memory in use before: 88.1 MB.
System memory in use after: 88.1 MB.

Unloading 12 unused Assets to reduce memory usage. Loaded Objects now: 2411.
Total: 2.049800 ms (FindLiveObjects: 0.172400 ms CreateObjectMapping: 0.039800 ms MarkObjects: 1.737700 ms  DeleteObjects: 0.099000 ms)

========================================================================
Received Prepare
Registering precompiled user dll's ...
Registered in 0.000598 seconds.
Begin MonoManager ReloadAssembly
Native extension for WindowsStandalone target not found
Native extension for WebGL target not found
Refreshing native plugins compatible for Editor in 0.31 ms, found 1 plugins.
Preloading 0 native plugins for Editor in 0.00 ms.
Invoked RoslynAnalysisRunner static constructor.
RoslynAnalysisRunner will not be running.
RoslynAnalysisRunner has terminated.
Mono: successfully reloaded assembly
- Completed reload, in  0.567 seconds
Platform modules already initialized, skipping
Refreshing native plugins compatible for Editor in 0.28 ms, found 1 plugins.
Preloading 0 native plugins for Editor in 0.00 ms.
Unloading 1805 Unused Serialized files (Serialized files now loaded: 0)
System memory in use before: 88.1 MB.
System memory in use after: 88.1 MB.

Unloading 12 unused Assets to reduce memory usage. Loaded Objects now: 2415.
Total: 2.042800 ms (FindLiveObjects: 0.134700 ms CreateObjectMapping: 0.034000 ms MarkObjects: 1.750700 ms  DeleteObjects: 0.122400 ms)

========================================================================
Received Prepare
Registering precompiled user dll's ...
Registered in 0.000584 seconds.
Begin MonoManager ReloadAssembly
Native extension for WindowsStandalone target not found
Native extension for WebGL target not found
Refreshing native plugins compatible for Editor in 0.42 ms, found 1 plugins.
Preloading 0 native plugins for Editor in 0.00 ms.
Invoked RoslynAnalysisRunner static constructor.
RoslynAnalysisRunner will not be running.
RoslynAnalysisRunner has terminated.
Mono: successfully reloaded assembly
- Completed reload, in  0.581 seconds
Platform modules already initialized, skipping
Refreshing native plugins compatible for Editor in 0.34 ms, found 1 plugins.
Preloading 0 native plugins for Editor in 0.00 ms.
Unloading 1805 Unused Serialized files (Serialized files now loaded: 0)
System memory in use before: 88.1 MB.
System memory in use after: 88.1 MB.

Unloading 12 unused Assets to reduce memory usage. Loaded Objects now: 2419.
Total: 2.090300 ms (FindLiveObjects: 0.312300 ms CreateObjectMapping: 0.043000 ms MarkObjects: 1.610600 ms  DeleteObjects: 0.123400 ms)

========================================================================
Received Prepare
Registering precompiled user dll's ...
Registered in 0.000595 seconds.
Begin MonoManager ReloadAssembly
Native extension for WindowsStandalone target not found
Native extension for WebGL target not found
Refreshing native plugins compatible for Editor in 0.31 ms, found 1 plugins.
Preloading 0 native plugins for Editor in 0.00 ms.
Invoked RoslynAnalysisRunner static constructor.
RoslynAnalysisRunner will not be running.
RoslynAnalysisRunner has terminated.
Mono: successfully reloaded assembly
- Completed reload, in  0.551 seconds
Platform modules already initialized, skipping
Refreshing native plugins compatible for Editor in 0.31 ms, found 1 plugins.
Preloading 0 native plugins for Editor in 0.00 ms.
Unloading 1805 Unused Serialized files (Serialized files now loaded: 0)
System memory in use before: 88.1 MB.
System memory in use after: 88.1 MB.

Unloading 12 unused Assets to reduce memory usage. Loaded Objects now: 2423.
Total: 2.216900 ms (FindLiveObjects: 0.349000 ms CreateObjectMapping: 0.079000 ms MarkObjects: 1.670800 ms  DeleteObjects: 0.116500 ms)

========================================================================
Received Prepare
Registering precompiled user dll's ...
Registered in 0.000750 seconds.
Begin MonoManager ReloadAssembly
Native extension for WindowsStandalone target not found
Native extension for WebGL target not found
Refreshing native plugins compatible for Editor in 0.31 ms, found 1 plugins.
Preloading 0 native plugins for Editor in 0.00 ms.
Invoked RoslynAnalysisRunner static constructor.
RoslynAnalysisRunner will not be running.
RoslynAnalysisRunner has terminated.
Mono: successfully reloaded assembly
- Completed reload, in  0.559 seconds
Platform modules already initialized, skipping
Refreshing native plugins compatible for Editor in 0.29 ms, found 1 plugins.
Preloading 0 native plugins for Editor in 0.00 ms.
Unloading 1805 Unused Serialized files (Serialized files now loaded: 0)
System memory in use before: 88.1 MB.
System memory in use after: 88.1 MB.

Unloading 12 unused Assets to reduce memory usage. Loaded Objects now: 2427.
Total: 1.861500 ms (FindLiveObjects: 0.197800 ms CreateObjectMapping: 0.054900 ms MarkObjects: 1.511000 ms  DeleteObjects: 0.096600 ms)

AssetImportWorkerClient::OnTransportError - code=2 error=End of file
